<?xml version="1.0" encoding="UTF-8"?>
<!-- Generated by org.testng.reporters.JUnitXMLReporter -->
<testsuite hostname="smily" ignored="0" name="Test2" tests="4" failures="0" timestamp="18 Jun 2020 08:43:46 GMT" time="30.349" errors="0">
  <testcase name="GoogleSearchTest" time="5.353" classname="testNG_Demo.TestGoogleSearchWithTestNG"/>
  <testcase name="GoogleSearchTest21" time="8.903" classname="testNG_Demo.TestGoogleSearchWithTestNG2"/>
  <testcase name="GoogleSearchTest31" time="8.945" classname="testNG_Demo.TestGoogleSearchWithTestNG3"/>
  <testcase name="GoogleSearchTest32" time="7.974" classname="testNG_Demo.TestGoogleSearchWithTestNG3"/>
</testsuite> <!-- Test2 -->
