<?xml version="1.0" encoding="UTF-8"?>
<!-- Generated by org.testng.reporters.JUnitXMLReporter -->
<testsuite hostname="smily" ignored="0" name="Default test" tests="4" failures="0" timestamp="13 Oct 2020 10:20:48 GMT" time="53.521" errors="0">
  <testcase name="verfyLoginButtonDisplayed" time="2.15" classname="withTestNG.TestLoginE2E"/>
  <testcase name="verfyLoginPageDisplayed" time="2.155" classname="withTestNG.TestLoginE2E"/>
  <testcase name="verfyPasswordTextBoxDisplayed" time="2.175" classname="withTestNG.TestLoginE2E"/>
  <testcase name="verfyUserNameTextBoxDisplayed" time="2.143" classname="withTestNG.TestLoginE2E"/>
</testsuite> <!-- Default test -->
