<?xml version="1.0" encoding="UTF-8"?>
<!-- Generated by org.testng.reporters.JUnitXMLReporter -->
<testsuite hostname="smily" ignored="0" name="Default test" tests="6" failures="0" timestamp="05 Nov 2020 18:02:35 GMT" time="58.211" errors="0">
  <testcase name="verfyLoginPageDisplayed" time="2.156" classname="a1_Suits.A_LoginPageE2E_Test"/>
  <testcase name="verfyLoginButton" time="2.129" classname="a1_Suits.A_LoginPageE2E_Test"/>
  <testcase name="verfyPasswordTextBox" time="2.125" classname="a1_Suits.A_LoginPageE2E_Test"/>
  <testcase name="verfyUserNameTextBox" time="2.175" classname="a1_Suits.A_LoginPageE2E_Test"/>
  <testcase name="verfyDashBoard" time="0.001" classname="a1_Suits.B_DashBoardE2E_Test"/>
  <testcase name="verfyDashBoardDisplayed" time="0.004" classname="a1_Suits.B_DashBoardE2E_Test"/>
</testsuite> <!-- Default test -->
