<?xml version="1.0" encoding="UTF-8"?>
<!-- Generated by org.testng.reporters.JUnitXMLReporter -->
<testsuite hostname="smily" ignored="0" name="Test" tests="7" failures="0" timestamp="13 Oct 2020 10:24:36 GMT" time="49.249" errors="0">
  <testcase name="GoogleSearchTest1" time="0.006" classname="withTestNG.TestGoogleSearchWithTestNG"/>
  <testcase name="GoogleSearchTest2" time="0.002" classname="withTestNG.TestGoogleSearchWithTestNG"/>
  <testcase name="GoogleSearchTest3" time="0.004" classname="withTestNG.TestGoogleSearchWithTestNG"/>
  <testcase name="verfyLoginButtonDisplayed" time="2.139" classname="withTestNG.TestLoginE2E"/>
  <testcase name="verfyLoginPageDisplayed" time="2.167" classname="withTestNG.TestLoginE2E"/>
  <testcase name="verfyPasswordTextBoxDisplayed" time="2.147" classname="withTestNG.TestLoginE2E"/>
  <testcase name="verfyUserNameTextBoxDisplayed" time="2.145" classname="withTestNG.TestLoginE2E"/>
</testsuite> <!-- Test -->
