<?xml version="1.0" encoding="UTF-8"?>
<!-- Generated by org.testng.reporters.JUnitXMLReporter -->
<testsuite hostname="smily" ignored="0" name="Test" tests="4" failures="0" timestamp="05 Nov 2020 10:55:08 GMT" time="19.592" errors="0">
  <testcase name="verfyDashBoard" time="0.027" classname="a1_Suits.B_DashBoardE2E_Test"/>
  <testcase name="verfyDashBoardDisplayed" time="0.002" classname="a1_Suits.B_DashBoardE2E_Test"/>
  <testcase name="verfyLogoutButton" time="0.002" classname="a1_Suits.C_LogoutE2E_Test"/>
  <testcase name="verfyLogoutPageDisplayed" time="0.001" classname="a1_Suits.C_LogoutE2E_Test"/>
</testsuite> <!-- Test -->
