<?xml version="1.0" encoding="UTF-8"?>
<testng-results skipped="0" failed="0" ignored="0" total="2" passed="2">
  <reporter-output>
  </reporter-output>
  <suite name="Default suite" duration-ms="21264" started-at="2020-11-05T10:59:18Z" finished-at="2020-11-05T10:59:40Z">
    <groups>
    </groups>
    <test name="Default test" duration-ms="21264" started-at="2020-11-05T10:59:18Z" finished-at="2020-11-05T10:59:40Z">
      <class name="a1_Suits.C_LogoutE2E_Test">
        <test-method status="PASS" signature="setUp()[pri:0, instance:a1_Suits.C_LogoutE2E_Test@4cf777e8]" name="setUp" is-config="true" duration-ms="6455" started-at="2020-11-05T10:59:19Z" finished-at="2020-11-05T10:59:25Z">
          <reporter-output>
          </reporter-output>
        </test-method> <!-- setUp -->
        <test-method status="PASS" signature="verfyLogoutPageDisplayed()[pri:0, instance:a1_Suits.C_LogoutE2E_Test@4cf777e8]" name="verfyLogoutPageDisplayed" duration-ms="9" started-at="2020-11-05T10:59:25Z" finished-at="2020-11-05T10:59:25Z">
          <reporter-output>
          </reporter-output>
        </test-method> <!-- verfyLogoutPageDisplayed -->
        <test-method status="PASS" signature="tearDown()[pri:0, instance:a1_Suits.C_LogoutE2E_Test@4cf777e8]" name="tearDown" is-config="true" duration-ms="4352" started-at="2020-11-05T10:59:25Z" finished-at="2020-11-05T10:59:29Z">
          <reporter-output>
          </reporter-output>
        </test-method> <!-- tearDown -->
        <test-method status="PASS" signature="setUp()[pri:0, instance:a1_Suits.C_LogoutE2E_Test@4cf777e8]" name="setUp" is-config="true" duration-ms="6059" started-at="2020-11-05T10:59:29Z" finished-at="2020-11-05T10:59:35Z">
          <reporter-output>
          </reporter-output>
        </test-method> <!-- setUp -->
        <test-method status="PASS" signature="verfyLogoutButton()[pri:1, instance:a1_Suits.C_LogoutE2E_Test@4cf777e8]" name="verfyLogoutButton" duration-ms="3" started-at="2020-11-05T10:59:35Z" finished-at="2020-11-05T10:59:35Z">
          <reporter-output>
          </reporter-output>
        </test-method> <!-- verfyLogoutButton -->
        <test-method status="PASS" signature="tearDown()[pri:0, instance:a1_Suits.C_LogoutE2E_Test@4cf777e8]" name="tearDown" is-config="true" duration-ms="4328" started-at="2020-11-05T10:59:35Z" finished-at="2020-11-05T10:59:40Z">
          <reporter-output>
          </reporter-output>
        </test-method> <!-- tearDown -->
      </class> <!-- a1_Suits.C_LogoutE2E_Test -->
    </test> <!-- Default test -->
  </suite> <!-- Default suite -->
</testng-results>
